#
# There is insufficient memory for the Java Runtime Environment to continue.
# Native memory allocation (malloc) failed to allocate 1048576 bytes for AllocateHeap
# Possible reasons:
#   The system is out of physical RAM or swap space
#   In 32 bit mode, the process size limit was hit
# Possible solutions:
#   Reduce memory load on the system
#   Increase physical memory or swap space
#   Check if swap backing store is full
#   Use 64 bit Java on a 64 bit OS
#   Decrease Java heap size (-Xmx/-Xms)
#   Decrease number of Java threads
#   Decrease Java thread stack sizes (-Xss)
#   Set larger code cache with -XX:ReservedCodeCacheSize=
# This output file may be truncated or incomplete.
#
#  Out of Memory Error (memory/allocation.inline.hpp:61), pid=11436, tid=15352
#
# JRE version:  (8.0_51-b16) (build )
# Java VM: Java HotSpot(TM) 64-Bit Server VM (25.51-b03 mixed mode windows-amd64 compressed oops)
# Failed to write core dump. Minidumps are not enabled by default on client versions of Windows
#

---------------  T H R E A D  ---------------

Current thread (0x0000000002740800):  JavaThread "Unknown thread" [_thread_in_vm, id=15352, stack(0x0000000002640000,0x0000000002740000)]

Stack: [0x0000000002640000,0x0000000002740000]
Native frames: (J=compiled Java code, j=interpreted, Vv=VM code, C=native code)
V  [jvm.dll+0x32b4ca]
V  [jvm.dll+0x2797e3]
V  [jvm.dll+0x27a479]
V  [jvm.dll+0x271765]
V  [jvm.dll+0x1606]
V  [jvm.dll+0x3c0822]
V  [jvm.dll+0x3eead2]
V  [jvm.dll+0x3eefdc]
V  [jvm.dll+0x3ea537]
V  [jvm.dll+0xf2c22]
V  [jvm.dll+0x20f0a9]
V  [jvm.dll+0x240d2a]
V  [jvm.dll+0x15b9a1]
C  [javaw.exe+0x217e]
C  [javaw.exe+0xcd37]
C  [javaw.exe+0xcdcb]
C  [KERNEL32.DLL+0x12d92]
C  [ntdll.dll+0x9f64]


---------------  P R O C E S S  ---------------

Java Threads: ( => current thread )

Other Threads:

=>0x0000000002740800 (exited) JavaThread "Unknown thread" [_thread_in_vm, id=15352, stack(0x0000000002640000,0x0000000002740000)]

VM state:not at safepoint (normal execution)

VM Mutex/Monitor currently owned by a thread: None

Heap:
 PSYoungGen      total 38400K, used 665K [0x00000000d5c00000, 0x00000000d8680000, 0x0000000100000000)
  eden space 33280K, 2% used [0x00000000d5c00000,0x00000000d5ca6670,0x00000000d7c80000)
  from space 5120K, 0% used [0x00000000d8180000,0x00000000d8180000,0x00000000d8680000)
  to   space 5120K, 0% used [0x00000000d7c80000,0x00000000d7c80000,0x00000000d8180000)
 ParOldGen       total 87552K, used 0K [0x0000000081400000, 0x0000000086980000, 0x00000000d5c00000)
  object space 87552K, 0% used [0x0000000081400000,0x0000000081400000,0x0000000086980000)
 Metaspace       used 742K, capacity 4480K, committed 4480K, reserved 1056768K
  class space    used 75K, capacity 384K, committed 384K, reserved 1048576K

Card table byte_map: [0x0000000011c00000,0x0000000012000000] byte_map_base: 0x00000000117f6000

Marking Bits: (ParMarkBitMap*) 0x0000000063944040
 Begin Bits: [0x0000000012ab0000, 0x0000000014a60000)
 End Bits:   [0x0000000014a60000, 0x0000000016a10000)

Polling page: 0x0000000000a50000

CodeCache: size=245760Kb used=328Kb max_used=328Kb free=245431Kb
 bounds [0x0000000002840000, 0x0000000002ab0000, 0x0000000011840000]
 total_blobs=57 nmethods=0 adapters=37
 compilation: enabled

Compilation events (0 events):
No events

GC Heap History (0 events):
No events

Deoptimization events (0 events):
No events

Internal exceptions (0 events):
No events

Events (10 events):
Event: 0.018 loading class java/lang/Short
Event: 0.018 loading class java/lang/Short done
Event: 0.018 loading class java/lang/Integer
Event: 0.018 loading class java/lang/Integer done
Event: 0.018 loading class java/lang/Long
Event: 0.018 loading class java/lang/Long done
Event: 0.018 loading class java/lang/NullPointerException
Event: 0.018 loading class java/lang/NullPointerException done
Event: 0.018 loading class java/lang/ArithmeticException
Event: 0.018 loading class java/lang/ArithmeticException done


Dynamic libraries:
0x00007ff7f65d0000 - 0x00007ff7f6607000 	C:\Program Files\Java\jre1.8.0_51\bin\javaw.exe
0x00007ffaee950000 - 0x00007ffaeeb11000 	C:\WINDOWS\SYSTEM32\ntdll.dll
0x00007ffaec570000 - 0x00007ffaec61d000 	C:\WINDOWS\system32\KERNEL32.DLL
0x00007ffaebdf0000 - 0x00007ffaebfcd000 	C:\WINDOWS\system32\KERNELBASE.dll
0x00007ffaec7e0000 - 0x00007ffaec886000 	C:\WINDOWS\system32\ADVAPI32.dll
0x00007ffaecaf0000 - 0x00007ffaecb8d000 	C:\WINDOWS\system32\msvcrt.dll
0x00007ffaec8d0000 - 0x00007ffaec92b000 	C:\WINDOWS\system32\sechost.dll
0x00007ffaec2b0000 - 0x00007ffaec3d6000 	C:\WINDOWS\system32\RPCRT4.dll
0x00007ffaee430000 - 0x00007ffaee57e000 	C:\WINDOWS\system32\USER32.dll
0x00007ffaec3e0000 - 0x00007ffaec566000 	C:\WINDOWS\system32\GDI32.dll
0x00007ffae7480000 - 0x00007ffae76f4000 	C:\WINDOWS\WinSxS\amd64_microsoft.windows.common-controls_6595b64144ccf1df_6.0.10240.16384_none_f41f7b285750ef43\COMCTL32.dll
0x00007ffaec890000 - 0x00007ffaec8c6000 	C:\WINDOWS\system32\IMM32.DLL
0x00007ffaec990000 - 0x00007ffaecaec000 	C:\WINDOWS\system32\MSCTF.dll
0x0000000064640000 - 0x0000000064712000 	C:\Program Files\Java\jre1.8.0_51\bin\msvcr100.dll
0x0000000063140000 - 0x00000000639c3000 	C:\Program Files\Java\jre1.8.0_51\bin\server\jvm.dll
0x00007ffaee940000 - 0x00007ffaee948000 	C:\WINDOWS\system32\PSAPI.DLL
0x00007ffae4040000 - 0x00007ffae4049000 	C:\WINDOWS\SYSTEM32\WSOCK32.dll
0x00007ffae9500000 - 0x00007ffae9523000 	C:\WINDOWS\SYSTEM32\WINMM.dll
0x00007ffae77d0000 - 0x00007ffae77da000 	C:\WINDOWS\SYSTEM32\VERSION.dll
0x00007ffaee650000 - 0x00007ffaee6b9000 	C:\WINDOWS\system32\WS2_32.dll
0x00007ffaee190000 - 0x00007ffaee198000 	C:\WINDOWS\system32\NSI.dll
0x00007ffae94a0000 - 0x00007ffae94cc000 	C:\WINDOWS\SYSTEM32\WINMMBASE.dll
0x00007ffaebfd0000 - 0x00007ffaec014000 	C:\WINDOWS\system32\cfgmgr32.dll
0x00007ffae9cf0000 - 0x00007ffae9d17000 	C:\WINDOWS\SYSTEM32\DEVOBJ.dll
0x0000000064d60000 - 0x0000000064d6f000 	C:\Program Files\Java\jre1.8.0_51\bin\verify.dll
0x0000000064d30000 - 0x0000000064d59000 	C:\Program Files\Java\jre1.8.0_51\bin\java.dll
0x0000000064d10000 - 0x0000000064d26000 	C:\Program Files\Java\jre1.8.0_51\bin\zip.dll
0x00007ffadbe30000 - 0x00007ffadbfba000 	C:\WINDOWS\SYSTEM32\dbghelp.dll

VM Arguments:
jvm_args: -Dfile.encoding=MS949 
java_command: server.ServerMain
java_class_path (initial): C:\Users\JH\PCserver\PCserver\bin
Launcher Type: SUN_STANDARD

Environment Variables:
JAVA_HOME=C:\Program Files\Java\jdk1.8.0_45
CLASSPATH=C:\Program Files\Java\jdk1.8.0_45\lib
PATH=C:/Program Files/Java/jre1.8.0_51/bin/server;C:/Program Files/Java/jre1.8.0_51/bin;C:/Program Files/Java/jre1.8.0_51/lib/amd64;C:\ProgramData\Oracle\Java\javapath;C:\Program Files (x86)\Intel\iCLS Client\;C:\Program Files\Intel\iCLS Client\;C:\WINDOWS\system32;C:\WINDOWS;C:\WINDOWS\System32\Wbem;C:\WINDOWS\System32\WindowsPowerShell\v1.0\;C:\Program Files\Intel\WiFi\bin\;C:\Program Files\Common Files\Intel\WirelessCommon\;;C:\Program Files\Samsung\AllShare Framework DMS\1.3.23\64bit\;C:\Program Files\Microsoft SQL Server\110\Tools\Binn\;C:\Program Files\Java\jdk1.8.0_45\bin;C:\Program Files (x86)\nodejs\;C:\Program Files (x86)\Git\cmd;C:\Program Files (x86)\NVIDIA Corporation\PhysX\Common;;C:\Program Files (x86)\Intel\Intel(R) Management Engine Components\DAL;C:\Program Files\Intel\Intel(R) Management Engine Components\DAL;C:\Program Files (x86)\Intel\Intel(R) Management Engine Components\IPT;C:\Program Files\Intel\Intel(R) Management Engine Components\IPT;;C:\Program Files\Samsung\SamsungLink\AllShare Framework DMS\bin\;C:\Users\JH\AppData\Roaming\npm;C:\Program Files\Intel\WiFi\bin\;C:\Program Files\Common Files\Intel\WirelessCommon\;C:\Users\JH\Desktop\작업도구\eclipse-java-luna-SR2-win32-x86_64\eclipse;
USERNAME=JH
OS=Windows_NT
PROCESSOR_IDENTIFIER=Intel64 Family 6 Model 60 Stepping 3, GenuineIntel



---------------  S Y S T E M  ---------------

OS: Windows 10.0 , 64 bit Build 10240 (10.0.10240.16384)

CPU:total 8 (4 cores per cpu, 2 threads per core) family 6 model 60 stepping 3, cmov, cx8, fxsr, mmx, sse, sse2, sse3, ssse3, sse4.1, sse4.2, popcnt, avx, avx2, aes, clmul, erms, lzcnt, ht, tsc, tscinvbit, bmi1, bmi2

Memory: 4k page, physical 8301024k(2897192k free), swap 15470756k(9776k free)

vm_info: Java HotSpot(TM) 64-Bit Server VM (25.51-b03) for windows-amd64 JRE (1.8.0_51-b16), built on Jun  8 2015 18:03:07 by "java_re" with MS VC++ 10.0 (VS2010)

time: Sat Nov 28 18:54:47 2015
elapsed time: 0 seconds (0d 0h 0m 0s)

